{
  "stats": {
    "suites": 7,
    "tests": 37,
    "passes": 37,
    "pending": 0,
    "failures": 0,
    "testsRegistered": 37,
    "passPercent": 100,
    "pendingPercent": 0,
    "other": 0,
    "hasOther": false,
    "skipped": 0,
    "hasSkipped": false,
    "start": "2026-06-22T22:01:57.756Z",
    "end": "2026-06-22T22:52:12.391Z",
    "duration": 3014635
  },
  "results": [
    {
      "uuid": "e7f01746-9d06-4df4-b8aa-4deafa08ba32",
      "title": "",
      "fullFile": "cypress\\e2e\\login\\logIn.cy.js",
      "file": "cypress\\e2e\\login\\logIn.cy.js",
      "beforeHooks": [],
      "afterHooks": [],
      "tests": [],
      "suites": [
        {
          "uuid": "715b7859-3a47-41fc-8d09-7977eaa8cfcd",
          "title": "Login Page – SauceDemo",
          "fullFile": "",
          "file": "",
          "beforeHooks": [],
          "afterHooks": [],
          "tests": [
            {
              "title": "TC-001 | La página de login carga correctamente",
              "fullTitle": "Login Page – SauceDemo TC-001 | La página de login carga correctamente",
              "timedOut": null,
              "duration": 1400,
              "state": "passed",
              "speed": "fast",
              "pass": true,
              "fail": false,
              "pending": false,
              "context": null,
              "code": "cy.get(_LogIn.default.usernameInput).should('be.visible');\ncy.get(_LogIn.default.passwordInput).should('be.visible');\ncy.get(_LogIn.default.loginButton).should('be.visible').and('have.value', 'Login');",
              "err": {},
              "uuid": "b843021f-41a7-4c92-b4fd-65b921ec88bc",
              "parentUUID": "715b7859-3a47-41fc-8d09-7977eaa8cfcd",
              "isHook": false,
              "skipped": false
            },
            {
              "title": "TC-002 | Login exitoso con usuario válido",
              "fullTitle": "Login Page – SauceDemo TC-002 | Login exitoso con usuario válido",
              "timedOut": null,
              "duration": 1022,
              "state": "passed",
              "speed": "fast",
              "pass": true,
              "fail": false,
              "pending": false,
              "context": null,
              "code": "// Pre-login: campos visibles y botón habilitado\ncy.get(_LogIn.default.usernameInput).should('be.visible');\ncy.get(_LogIn.default.passwordInput).should('be.visible');\ncy.get(_LogIn.default.loginButton).should('be.visible').and('be.enabled');\n// Login\ncy.fixture('users').then(({\n  validUser\n}) => {\n  _LogIn.default.login(validUser.username, validUser.password);\n});\n// Post-login: URL, título Products, lista de productos, sin error\n_Inventory.default.assertLoaded();",
              "err": {},
              "uuid": "5d93ab74-7470-431c-96e7-289d94b7d214",
              "parentUUID": "715b7859-3a47-41fc-8d09-7977eaa8cfcd",
              "isHook": false,
              "skipped": false
            },
            {
              "title": "TC-003 | Login fallido con contraseña incorrecta",
              "fullTitle": "Login Page – SauceDemo TC-003 | Login fallido con contraseña incorrecta",
              "timedOut": null,
              "duration": 1124,
              "state": "passed",
              "speed": "fast",
              "pass": true,
              "fail": false,
              "pending": false,
              "context": null,
              "code": "cy.fixture('users').then(({\n  validUser,\n  wrongPassword\n}) => {\n  _LogIn.default.login(validUser.username, wrongPassword.password);\n  // 1 + 2: contenedor de error visible con mensaje correcto\n  cy.get(_LogIn.default.errorMsg).should('be.visible').and('contain', 'Epic sadface: Username and password do not match any user in this service');\n  // 3: URL no avanzó al inventario\n  cy.url().should('not.include', '/inventory.html');\n  // 4: formulario de login sigue visible\n  cy.get(_LogIn.default.loginForm).should('be.visible');\n  // 5: listado de productos no existe\n  cy.get(_Inventory.default.inventoryList).should('not.exist');\n  // 6: campos muestran estado visual de error\n  cy.get(_LogIn.default.usernameInput).should('have.class', 'input_error');\n  cy.get(_LogIn.default.passwordInput).should('have.class', 'input_error');\n});",
              "err": {},
              "uuid": "d41eb481-864c-4aa4-989a-cbeebe883212",
              "parentUUID": "715b7859-3a47-41fc-8d09-7977eaa8cfcd",
              "isHook": false,
              "skipped": false
            },
            {
              "title": "TC-004 | Login fallido con usuario bloqueado",
              "fullTitle": "Login Page – SauceDemo TC-004 | Login fallido con usuario bloqueado",
              "timedOut": null,
              "duration": 905,
              "state": "passed",
              "speed": "fast",
              "pass": true,
              "fail": false,
              "pending": false,
              "context": null,
              "code": "cy.fixture('users').then(({\n  lockedUser\n}) => {\n  _LogIn.default.login(lockedUser.username, lockedUser.password);\n  cy.get(_LogIn.default.errorMsg).should('be.visible').and('contain', 'Epic sadface: Sorry, this user has been locked out.');\n});",
              "err": {},
              "uuid": "107cbc03-a3fa-4e0b-be36-16f69de4f5c2",
              "parentUUID": "715b7859-3a47-41fc-8d09-7977eaa8cfcd",
              "isHook": false,
              "skipped": false
            },
            {
              "title": "TC-005 | Error al enviar formulario sin credenciales",
              "fullTitle": "Login Page – SauceDemo TC-005 | Error al enviar formulario sin credenciales",
              "timedOut": null,
              "duration": 196,
              "state": "passed",
              "speed": "fast",
              "pass": true,
              "fail": false,
              "pending": false,
              "context": null,
              "code": "_LogIn.default.clickLogin();\n_LogIn.default.assertErrorMessage('Epic sadface: Username is required');\ncy.url().should('not.include', '/inventory.html');\ncy.get(_LogIn.default.loginForm).should('be.visible');\ncy.get(_Inventory.default.inventoryList).should('not.exist');\ncy.get(_LogIn.default.usernameInput).should('have.class', 'input_error');",
              "err": {},
              "uuid": "83db0c92-60b9-44c6-b985-07574d381cc0",
              "parentUUID": "715b7859-3a47-41fc-8d09-7977eaa8cfcd",
              "isHook": false,
              "skipped": false
            },
            {
              "title": "TC-006 | Error al enviar sin password",
              "fullTitle": "Login Page – SauceDemo TC-006 | Error al enviar sin password",
              "timedOut": null,
              "duration": 536,
              "state": "passed",
              "speed": "fast",
              "pass": true,
              "fail": false,
              "pending": false,
              "context": null,
              "code": "cy.fixture('users').then(({\n  validUser\n}) => {\n  _LogIn.default.fillUsername(validUser.username);\n  _LogIn.default.clickLogin();\n  _LogIn.default.assertErrorMessage('Epic sadface: Password is required');\n  cy.url().should('not.include', '/inventory.html');\n  cy.get(_LogIn.default.loginForm).should('be.visible');\n  cy.get(_Inventory.default.inventoryList).should('not.exist');\n  cy.get(_LogIn.default.passwordInput).should('have.class', 'input_error');\n});",
              "err": {},
              "uuid": "544c062a-e746-4383-a382-81a80d6ec260",
              "parentUUID": "715b7859-3a47-41fc-8d09-7977eaa8cfcd",
              "isHook": false,
              "skipped": false
            },
            {
              "title": "TC-011 | Error al enviar sin usuario con contraseña ingresada",
              "fullTitle": "Login Page – SauceDemo TC-011 | Error al enviar sin usuario con contraseña ingresada",
              "timedOut": null,
              "duration": 572,
              "state": "passed",
              "speed": "fast",
              "pass": true,
              "fail": false,
              "pending": false,
              "context": null,
              "code": "cy.fixture('users').then(({\n  validUser\n}) => {\n  _LogIn.default.fillPassword(validUser.password);\n  _LogIn.default.clickLogin();\n  _LogIn.default.assertErrorMessage('Epic sadface: Username is required');\n  cy.url().should('not.include', '/inventory.html');\n  cy.get(_LogIn.default.loginForm).should('be.visible');\n  cy.get(_Inventory.default.inventoryList).should('not.exist');\n  cy.get(_LogIn.default.usernameInput).should('have.class', 'input_error');\n});",
              "err": {},
              "uuid": "84e5c0f0-006c-47b2-9271-44d2e5243825",
              "parentUUID": "715b7859-3a47-41fc-8d09-7977eaa8cfcd",
              "isHook": false,
              "skipped": false
            },
            {
              "title": "TC-007 | Login fallido con usuario inexistente",
              "fullTitle": "Login Page – SauceDemo TC-007 | Login fallido con usuario inexistente",
              "timedOut": null,
              "duration": 936,
              "state": "passed",
              "speed": "fast",
              "pass": true,
              "fail": false,
              "pending": false,
              "context": null,
              "code": "cy.fixture('users').then(({\n  invalidUser\n}) => {\n  _LogIn.default.login(invalidUser.username, invalidUser.password);\n  cy.get(_LogIn.default.errorMsg).should('be.visible').and('contain', 'Epic sadface: Username and password do not match any user in this service');\n  cy.url().should('not.include', '/inventory.html');\n});",
              "err": {},
              "uuid": "8e0973d0-2048-4b1f-9ea1-4539daecbcae",
              "parentUUID": "715b7859-3a47-41fc-8d09-7977eaa8cfcd",
              "isHook": false,
              "skipped": false
            },
            {
              "title": "TC-008 | Login fallido con contraseña con espacios",
              "fullTitle": "Login Page – SauceDemo TC-008 | Login fallido con contraseña con espacios",
              "timedOut": null,
              "duration": 874,
              "state": "passed",
              "speed": "fast",
              "pass": true,
              "fail": false,
              "pending": false,
              "context": null,
              "code": "cy.fixture('users').then(({\n  passwordWithSpaces\n}) => {\n  _LogIn.default.login(passwordWithSpaces.username, passwordWithSpaces.password);\n  cy.get(_LogIn.default.errorMsg).should('be.visible').and('contain', 'Epic sadface: Username and password do not match any user in this service');\n  cy.url().should('not.include', '/inventory.html');\n});",
              "err": {},
              "uuid": "8462c27b-3037-4364-8cb9-fd2210e0d76d",
              "parentUUID": "715b7859-3a47-41fc-8d09-7977eaa8cfcd",
              "isHook": false,
              "skipped": false
            },
            {
              "title": "TC-009 | Login fallido con contraseña en mayúsculas (case-sensitive)",
              "fullTitle": "Login Page – SauceDemo TC-009 | Login fallido con contraseña en mayúsculas (case-sensitive)",
              "timedOut": null,
              "duration": 887,
              "state": "passed",
              "speed": "fast",
              "pass": true,
              "fail": false,
              "pending": false,
              "context": null,
              "code": "cy.fixture('users').then(({\n  passwordUpperCase\n}) => {\n  _LogIn.default.login(passwordUpperCase.username, passwordUpperCase.password);\n  cy.get(_LogIn.default.errorMsg).should('be.visible').and('contain', 'Epic sadface: Username and password do not match any user in this service');\n  cy.url().should('not.include', '/inventory.html');\n});",
              "err": {},
              "uuid": "fb4933be-4b7c-423f-8f6c-bd0a0a9f292e",
              "parentUUID": "715b7859-3a47-41fc-8d09-7977eaa8cfcd",
              "isHook": false,
              "skipped": false
            },
            {
              "title": "TC-010 | Cerrar mensaje de error y volver a intentar con credenciales válidas",
              "fullTitle": "Login Page – SauceDemo TC-010 | Cerrar mensaje de error y volver a intentar con credenciales válidas",
              "timedOut": null,
              "duration": 1889,
              "state": "passed",
              "speed": "fast",
              "pass": true,
              "fail": false,
              "pending": false,
              "context": null,
              "code": "cy.fixture('users').then(({\n  validUser,\n  wrongPassword\n}) => {\n  // Primer intento: falla\n  _LogIn.default.login(validUser.username, wrongPassword.password);\n  cy.get(_LogIn.default.errorMsg).should('be.visible');\n  // Cerrar el error\n  _LogIn.default.dismissError();\n  cy.get(_LogIn.default.errorMsg).should('not.exist');\n  // Segundo intento: exitoso\n  _LogIn.default.login(validUser.username, validUser.password);\n  _Inventory.default.assertLoaded();\n});",
              "err": {},
              "uuid": "b1561ba4-032a-46b5-86c0-0ed5b7927bf4",
              "parentUUID": "715b7859-3a47-41fc-8d09-7977eaa8cfcd",
              "isHook": false,
              "skipped": false
            }
          ],
          "suites": [],
          "passes": [
            "b843021f-41a7-4c92-b4fd-65b921ec88bc",
            "5d93ab74-7470-431c-96e7-289d94b7d214",
            "d41eb481-864c-4aa4-989a-cbeebe883212",
            "107cbc03-a3fa-4e0b-be36-16f69de4f5c2",
            "83db0c92-60b9-44c6-b985-07574d381cc0",
            "544c062a-e746-4383-a382-81a80d6ec260",
            "84e5c0f0-006c-47b2-9271-44d2e5243825",
            "8e0973d0-2048-4b1f-9ea1-4539daecbcae",
            "8462c27b-3037-4364-8cb9-fd2210e0d76d",
            "fb4933be-4b7c-423f-8f6c-bd0a0a9f292e",
            "b1561ba4-032a-46b5-86c0-0ed5b7927bf4"
          ],
          "failures": [],
          "pending": [],
          "skipped": [],
          "duration": 10341,
          "root": false,
          "rootEmpty": false,
          "_timeout": 2000
        }
      ],
      "passes": [],
      "failures": [],
      "pending": [],
      "skipped": [],
      "duration": 0,
      "root": true,
      "rootEmpty": true,
      "_timeout": 2000
    },
    {
      "uuid": "1a6ac6a5-1d62-47dc-91f8-0a615bd448fc",
      "title": "",
      "fullFile": "api\\automated-tests\\DELETE.cy.js",
      "file": "api\\automated-tests\\DELETE.cy.js",
      "beforeHooks": [],
      "afterHooks": [],
      "tests": [],
      "suites": [
        {
          "uuid": "d9ac953a-5cfa-4466-9842-253b9c8018ba",
          "title": "DELETE /users – Eliminar usuario",
          "fullFile": "",
          "file": "",
          "beforeHooks": [],
          "afterHooks": [],
          "tests": [
            {
              "title": "TC-API-015 | DELETE /users/2 → 204 sin cuerpo de respuesta",
              "fullTitle": "DELETE /users – Eliminar usuario TC-API-015 | DELETE /users/2 → 204 sin cuerpo de respuesta",
              "timedOut": null,
              "duration": 680,
              "state": "passed",
              "speed": "fast",
              "pass": true,
              "fail": false,
              "pending": false,
              "context": null,
              "code": "cy.request({\n  method: 'DELETE',\n  url: `${BASE}/users/2`,\n  headers\n}).then(res => {\n  expect(res.status).to.eq(204);\n});",
              "err": {},
              "uuid": "772b2e46-2b77-4ecb-bd98-cae7729ddea6",
              "parentUUID": "d9ac953a-5cfa-4466-9842-253b9c8018ba",
              "isHook": false,
              "skipped": false
            }
          ],
          "suites": [],
          "passes": [
            "772b2e46-2b77-4ecb-bd98-cae7729ddea6"
          ],
          "failures": [],
          "pending": [],
          "skipped": [],
          "duration": 680,
          "root": false,
          "rootEmpty": false,
          "_timeout": 2000
        }
      ],
      "passes": [],
      "failures": [],
      "pending": [],
      "skipped": [],
      "duration": 0,
      "root": true,
      "rootEmpty": true,
      "_timeout": 2000
    },
    {
      "uuid": "d139e4b6-9695-4478-9efe-037d9ed00c09",
      "title": "",
      "fullFile": "api\\automated-tests\\GET.cy.js",
      "file": "api\\automated-tests\\GET.cy.js",
      "beforeHooks": [],
      "afterHooks": [],
      "tests": [],
      "suites": [
        {
          "uuid": "125dce13-ea99-496a-aabe-451ba3d319a0",
          "title": "GET /users – Consultar usuarios",
          "fullFile": "",
          "file": "",
          "beforeHooks": [],
          "afterHooks": [],
          "tests": [
            {
              "title": "TC-API-009 | GET /users?page=1 → 200 + estructura de lista paginada",
              "fullTitle": "GET /users – Consultar usuarios TC-API-009 | GET /users?page=1 → 200 + estructura de lista paginada",
              "timedOut": null,
              "duration": 501,
              "state": "passed",
              "speed": "fast",
              "pass": true,
              "fail": false,
              "pending": false,
              "context": null,
              "code": "cy.request({\n  method: 'GET',\n  url: `${BASE}/users?page=1`,\n  headers\n}).then(res => {\n  expect(res.status).to.eq(200);\n  expect(res.body).to.have.property('page', 1);\n  expect(res.body).to.have.property('total');\n  expect(res.body.data).to.be.an('array').and.not.be.empty;\n  expect(res.headers['content-type']).to.include('application/json');\n});",
              "err": {},
              "uuid": "71390fe0-867e-40f6-826c-a46a6980991d",
              "parentUUID": "125dce13-ea99-496a-aabe-451ba3d319a0",
              "isHook": false,
              "skipped": false
            },
            {
              "title": "TC-API-010 | GET /users/2 → 200 + datos del usuario existente",
              "fullTitle": "GET /users – Consultar usuarios TC-API-010 | GET /users/2 → 200 + datos del usuario existente",
              "timedOut": null,
              "duration": 626,
              "state": "passed",
              "speed": "fast",
              "pass": true,
              "fail": false,
              "pending": false,
              "context": null,
              "code": "cy.request({\n  method: 'GET',\n  url: `${BASE}/users/2`,\n  headers\n}).then(res => {\n  expect(res.status).to.eq(200);\n  expect(res.body.data).to.have.property('id', 2);\n  expect(res.body.data).to.have.property('email');\n  expect(res.body.data).to.have.property('first_name');\n  expect(res.body.data).to.have.property('last_name');\n  expect(res.body.data).to.have.property('avatar');\n});",
              "err": {},
              "uuid": "4124c865-fcef-4987-95cf-6ddd7f0e7276",
              "parentUUID": "125dce13-ea99-496a-aabe-451ba3d319a0",
              "isHook": false,
              "skipped": false
            },
            {
              "title": "TC-API-011 | GET /users/9999 → 404 usuario inexistente",
              "fullTitle": "GET /users – Consultar usuarios TC-API-011 | GET /users/9999 → 404 usuario inexistente",
              "timedOut": null,
              "duration": 502,
              "state": "passed",
              "speed": "fast",
              "pass": true,
              "fail": false,
              "pending": false,
              "context": null,
              "code": "cy.request({\n  method: 'GET',\n  url: `${BASE}/users/9999`,\n  headers,\n  failOnStatusCode: false\n}).then(res => {\n  expect(res.status).to.eq(404);\n  expect(res.body).to.deep.eq({});\n});",
              "err": {},
              "uuid": "a99b47bc-3e7f-4732-9128-1ef396bbfda2",
              "parentUUID": "125dce13-ea99-496a-aabe-451ba3d319a0",
              "isHook": false,
              "skipped": false
            },
            {
              "title": "TC-API-012 | GET /users/abc → 404 ID no numérico",
              "fullTitle": "GET /users – Consultar usuarios TC-API-012 | GET /users/abc → 404 ID no numérico",
              "timedOut": null,
              "duration": 257,
              "state": "passed",
              "speed": "fast",
              "pass": true,
              "fail": false,
              "pending": false,
              "context": null,
              "code": "cy.request({\n  method: 'GET',\n  url: `${BASE}/users/abc`,\n  headers,\n  failOnStatusCode: false\n}).then(res => {\n  expect(res.status).to.eq(404);\n});",
              "err": {},
              "uuid": "2e8fa4d8-6b06-4a4c-98f9-c22f724a5bb5",
              "parentUUID": "125dce13-ea99-496a-aabe-451ba3d319a0",
              "isHook": false,
              "skipped": false
            }
          ],
          "suites": [],
          "passes": [
            "71390fe0-867e-40f6-826c-a46a6980991d",
            "4124c865-fcef-4987-95cf-6ddd7f0e7276",
            "a99b47bc-3e7f-4732-9128-1ef396bbfda2",
            "2e8fa4d8-6b06-4a4c-98f9-c22f724a5bb5"
          ],
          "failures": [],
          "pending": [],
          "skipped": [],
          "duration": 1886,
          "root": false,
          "rootEmpty": false,
          "_timeout": 2000
        }
      ],
      "passes": [],
      "failures": [],
      "pending": [],
      "skipped": [],
      "duration": 0,
      "root": true,
      "rootEmpty": true,
      "_timeout": 2000
    },
    {
      "uuid": "a2db27c6-4bc0-45e6-8160-7f47f05abe5e",
      "title": "",
      "fullFile": "api\\automated-tests\\PATCH.cy.js",
      "file": "api\\automated-tests\\PATCH.cy.js",
      "beforeHooks": [],
      "afterHooks": [],
      "tests": [],
      "suites": [
        {
          "uuid": "11dc97e9-fd78-4d21-93bb-5e0a54273326",
          "title": "PATCH /users – Actualización parcial",
          "fullFile": "",
          "file": "",
          "beforeHooks": [],
          "afterHooks": [],
          "tests": [
            {
              "title": "TC-API-014 | PATCH /users/2 → 200 + campo parcial actualizado",
              "fullTitle": "PATCH /users – Actualización parcial TC-API-014 | PATCH /users/2 → 200 + campo parcial actualizado",
              "timedOut": null,
              "duration": 320,
              "state": "passed",
              "speed": "fast",
              "pass": true,
              "fail": false,
              "pending": false,
              "context": null,
              "code": "cy.fixture('api-data').then(({\n  patchUser\n}) => {\n  cy.request({\n    method: 'PATCH',\n    url: `${BASE}/users/2`,\n    headers,\n    body: patchUser\n  }).then(res => {\n    expect(res.status).to.eq(200);\n    expect(res.body.job).to.eq(patchUser.job);\n    expect(res.body.updatedAt).to.exist;\n  });\n});",
              "err": {},
              "uuid": "f83272f7-89a4-4e2e-9eb2-1215c25e246c",
              "parentUUID": "11dc97e9-fd78-4d21-93bb-5e0a54273326",
              "isHook": false,
              "skipped": false
            }
          ],
          "suites": [],
          "passes": [
            "f83272f7-89a4-4e2e-9eb2-1215c25e246c"
          ],
          "failures": [],
          "pending": [],
          "skipped": [],
          "duration": 320,
          "root": false,
          "rootEmpty": false,
          "_timeout": 2000
        }
      ],
      "passes": [],
      "failures": [],
      "pending": [],
      "skipped": [],
      "duration": 0,
      "root": true,
      "rootEmpty": true,
      "_timeout": 2000
    },
    {
      "uuid": "e2cd1bb5-295a-4ec2-a41c-bb86989d43e5",
      "title": "",
      "fullFile": "api\\automated-tests\\POST.cy.js",
      "file": "api\\automated-tests\\POST.cy.js",
      "beforeHooks": [],
      "afterHooks": [],
      "tests": [],
      "suites": [
        {
          "uuid": "0bdb17c3-47a4-481e-a9b0-75f953475a20",
          "title": "POST /users – Crear usuario",
          "fullFile": "",
          "file": "",
          "beforeHooks": [],
          "afterHooks": [],
          "tests": [
            {
              "title": "TC-API-001 | POST exitoso → 201, body y Content-Type válidos",
              "fullTitle": "POST /users – Crear usuario TC-API-001 | POST exitoso → 201, body y Content-Type válidos",
              "timedOut": null,
              "duration": 296,
              "state": "passed",
              "speed": "fast",
              "pass": true,
              "fail": false,
              "pending": false,
              "context": null,
              "code": "cy.fixture('api-data').then(({\n  newUser\n}) => {\n  cy.request({\n    method: 'POST',\n    url: `${BASE}/users`,\n    headers,\n    body: newUser\n  }).then(res => {\n    expect(res.status).to.eq(201);\n    expect(res.body.name).to.eq(newUser.name);\n    expect(res.body.job).to.eq(newUser.job);\n    expect(res.body.id).to.exist;\n    expect(res.body.id).to.not.be.empty;\n    expect(res.body.createdAt).to.exist;\n    expect(res.headers['content-type']).to.include('application/json');\n  });\n});",
              "err": {},
              "uuid": "634f779b-0c4c-4488-a3ed-af560cc25f7d",
              "parentUUID": "0bdb17c3-47a4-481e-a9b0-75f953475a20",
              "isHook": false,
              "skipped": false
            },
            {
              "title": "TC-API-002 | POST → extraer id → GET /users/{id} (flujo encadenado)",
              "fullTitle": "POST /users – Crear usuario TC-API-002 | POST → extraer id → GET /users/{id} (flujo encadenado)",
              "timedOut": null,
              "duration": 716,
              "state": "passed",
              "speed": "fast",
              "pass": true,
              "fail": false,
              "pending": false,
              "context": null,
              "code": "cy.fixture('api-data').then(({\n  newUser\n}) => {\n  cy.request({\n    method: 'POST',\n    url: `${BASE}/users`,\n    headers,\n    body: newUser\n  }).then(postRes => {\n    expect(postRes.status).to.eq(201);\n    const userId = postRes.body.id;\n    expect(userId).to.exist;\n    // ReqRes no persiste usuarios creados: GET con el id del POST retorna 404\n    // porque el dataset mock solo incluye los IDs del 1 al 12.\n    cy.request({\n      method: 'GET',\n      url: `${BASE}/users/${userId}`,\n      headers,\n      failOnStatusCode: false\n    }).then(getRes => {\n      expect(getRes.status).to.be.oneOf([200, 404]);\n    });\n  });\n});",
              "err": {},
              "uuid": "68d07ab9-def6-4b4c-af0f-f1725a6714b5",
              "parentUUID": "0bdb17c3-47a4-481e-a9b0-75f953475a20",
              "isHook": false,
              "skipped": false
            },
            {
              "title": "TC-API-003 | createdAt tiene formato ISO 8601",
              "fullTitle": "POST /users – Crear usuario TC-API-003 | createdAt tiene formato ISO 8601",
              "timedOut": null,
              "duration": 257,
              "state": "passed",
              "speed": "fast",
              "pass": true,
              "fail": false,
              "pending": false,
              "context": null,
              "code": "cy.fixture('api-data').then(({\n  newUser\n}) => {\n  cy.request({\n    method: 'POST',\n    url: `${BASE}/users`,\n    headers,\n    body: newUser\n  }).then(res => {\n    const iso8601 = /^\\d{4}-\\d{2}-\\d{2}T\\d{2}:\\d{2}:\\d{2}\\.\\d+Z$/;\n    expect(res.body.createdAt).to.match(iso8601);\n  });\n});",
              "err": {},
              "uuid": "fab122aa-abbe-4dd9-9e61-ff628885e9bb",
              "parentUUID": "0bdb17c3-47a4-481e-a9b0-75f953475a20",
              "isHook": false,
              "skipped": false
            },
            {
              "title": "TC-API-004 | Tiempo de respuesta inferior a 3000ms",
              "fullTitle": "POST /users – Crear usuario TC-API-004 | Tiempo de respuesta inferior a 3000ms",
              "timedOut": null,
              "duration": 268,
              "state": "passed",
              "speed": "fast",
              "pass": true,
              "fail": false,
              "pending": false,
              "context": null,
              "code": "cy.fixture('api-data').then(({\n  newUser\n}) => {\n  cy.request({\n    method: 'POST',\n    url: `${BASE}/users`,\n    headers,\n    body: newUser\n  }).then(res => {\n    expect(res.duration).to.be.lessThan(3000);\n  });\n});",
              "err": {},
              "uuid": "2f17f12d-dcec-4bd5-af35-ffb0c46b5612",
              "parentUUID": "0bdb17c3-47a4-481e-a9b0-75f953475a20",
              "isHook": false,
              "skipped": false
            },
            {
              "title": "TC-API-005 | POST sin campo \"name\" → 201 (mock acepta body parcial)",
              "fullTitle": "POST /users – Crear usuario TC-API-005 | POST sin campo \"name\" → 201 (mock acepta body parcial)",
              "timedOut": null,
              "duration": 260,
              "state": "passed",
              "speed": "fast",
              "pass": true,
              "fail": false,
              "pending": false,
              "context": null,
              "code": "cy.request({\n  method: 'POST',\n  url: `${BASE}/users`,\n  headers,\n  body: {\n    job: 'Automation Engineer'\n  }\n}).then(res => {\n  // ReqRes no valida campos requeridos — comportamiento documentado\n  expect(res.status).to.eq(201);\n  expect(res.body.id).to.exist;\n});",
              "err": {},
              "uuid": "662b5522-9e47-4abe-81d6-6e9e8cc95135",
              "parentUUID": "0bdb17c3-47a4-481e-a9b0-75f953475a20",
              "isHook": false,
              "skipped": false
            },
            {
              "title": "TC-API-006 | POST sin campo \"job\" → 201 (mock acepta body parcial)",
              "fullTitle": "POST /users – Crear usuario TC-API-006 | POST sin campo \"job\" → 201 (mock acepta body parcial)",
              "timedOut": null,
              "duration": 257,
              "state": "passed",
              "speed": "fast",
              "pass": true,
              "fail": false,
              "pending": false,
              "context": null,
              "code": "cy.request({\n  method: 'POST',\n  url: `${BASE}/users`,\n  headers,\n  body: {\n    name: 'Test User'\n  }\n}).then(res => {\n  expect(res.status).to.eq(201);\n  expect(res.body.id).to.exist;\n});",
              "err": {},
              "uuid": "d197ada6-c817-4389-a18f-2f0f60e94d10",
              "parentUUID": "0bdb17c3-47a4-481e-a9b0-75f953475a20",
              "isHook": false,
              "skipped": false
            },
            {
              "title": "TC-API-007 | POST con body vacío → 201 (mock no valida presencia de campos)",
              "fullTitle": "POST /users – Crear usuario TC-API-007 | POST con body vacío → 201 (mock no valida presencia de campos)",
              "timedOut": null,
              "duration": 261,
              "state": "passed",
              "speed": "fast",
              "pass": true,
              "fail": false,
              "pending": false,
              "context": null,
              "code": "cy.request({\n  method: 'POST',\n  url: `${BASE}/users`,\n  headers,\n  body: {}\n}).then(res => {\n  expect(res.status).to.eq(201);\n  expect(res.body.createdAt).to.exist;\n});",
              "err": {},
              "uuid": "d6f88b5b-cb40-444a-9bd1-6c2c94ce962c",
              "parentUUID": "0bdb17c3-47a4-481e-a9b0-75f953475a20",
              "isHook": false,
              "skipped": false
            },
            {
              "title": "TC-API-008 | POST con tipos incorrectos → 201 (mock no valida tipos de datos)",
              "fullTitle": "POST /users – Crear usuario TC-API-008 | POST con tipos incorrectos → 201 (mock no valida tipos de datos)",
              "timedOut": null,
              "duration": 256,
              "state": "passed",
              "speed": "fast",
              "pass": true,
              "fail": false,
              "pending": false,
              "context": null,
              "code": "cy.request({\n  method: 'POST',\n  url: `${BASE}/users`,\n  headers,\n  body: {\n    name: 99999,\n    job: true\n  }\n}).then(res => {\n  expect(res.status).to.eq(201);\n});",
              "err": {},
              "uuid": "e28d163b-0a39-4216-a42b-f673617ad640",
              "parentUUID": "0bdb17c3-47a4-481e-a9b0-75f953475a20",
              "isHook": false,
              "skipped": false
            }
          ],
          "suites": [],
          "passes": [
            "634f779b-0c4c-4488-a3ed-af560cc25f7d",
            "68d07ab9-def6-4b4c-af0f-f1725a6714b5",
            "fab122aa-abbe-4dd9-9e61-ff628885e9bb",
            "2f17f12d-dcec-4bd5-af35-ffb0c46b5612",
            "662b5522-9e47-4abe-81d6-6e9e8cc95135",
            "d197ada6-c817-4389-a18f-2f0f60e94d10",
            "d6f88b5b-cb40-444a-9bd1-6c2c94ce962c",
            "e28d163b-0a39-4216-a42b-f673617ad640"
          ],
          "failures": [],
          "pending": [],
          "skipped": [],
          "duration": 2571,
          "root": false,
          "rootEmpty": false,
          "_timeout": 2000
        }
      ],
      "passes": [],
      "failures": [],
      "pending": [],
      "skipped": [],
      "duration": 0,
      "root": true,
      "rootEmpty": true,
      "_timeout": 2000
    },
    {
      "uuid": "9c2927af-a969-4213-90bd-51f92e11882c",
      "title": "",
      "fullFile": "api\\automated-tests\\PUT.cy.js",
      "file": "api\\automated-tests\\PUT.cy.js",
      "beforeHooks": [],
      "afterHooks": [],
      "tests": [],
      "suites": [
        {
          "uuid": "d74828cc-8a4d-4f3a-a46b-d0b7de42c401",
          "title": "PUT /users – Actualización completa",
          "fullFile": "",
          "file": "",
          "beforeHooks": [],
          "afterHooks": [],
          "tests": [
            {
              "title": "TC-API-013 | PUT /users/2 → 200 + cuerpo actualizado + updatedAt",
              "fullTitle": "PUT /users – Actualización completa TC-API-013 | PUT /users/2 → 200 + cuerpo actualizado + updatedAt",
              "timedOut": null,
              "duration": 377,
              "state": "passed",
              "speed": "fast",
              "pass": true,
              "fail": false,
              "pending": false,
              "context": null,
              "code": "cy.fixture('api-data').then(({\n  updatedUser\n}) => {\n  cy.request({\n    method: 'PUT',\n    url: `${BASE}/users/2`,\n    headers,\n    body: updatedUser\n  }).then(res => {\n    expect(res.status).to.eq(200);\n    expect(res.body.name).to.eq(updatedUser.name);\n    expect(res.body.job).to.eq(updatedUser.job);\n    expect(res.body.updatedAt).to.exist;\n  });\n});",
              "err": {},
              "uuid": "05b78857-5086-4d88-807a-cec32b34e8a6",
              "parentUUID": "d74828cc-8a4d-4f3a-a46b-d0b7de42c401",
              "isHook": false,
              "skipped": false
            }
          ],
          "suites": [],
          "passes": [
            "05b78857-5086-4d88-807a-cec32b34e8a6"
          ],
          "failures": [],
          "pending": [],
          "skipped": [],
          "duration": 377,
          "root": false,
          "rootEmpty": false,
          "_timeout": 2000
        }
      ],
      "passes": [],
      "failures": [],
      "pending": [],
      "skipped": [],
      "duration": 0,
      "root": true,
      "rootEmpty": true,
      "_timeout": 2000
    },
    {
      "uuid": "0f34677f-2eba-4ef8-a57f-5d27fcc80e59",
      "title": "",
      "fullFile": "cypress\\e2e\\login\\logIn.cy.js",
      "file": "cypress\\e2e\\login\\logIn.cy.js",
      "beforeHooks": [],
      "afterHooks": [],
      "tests": [],
      "suites": [
        {
          "uuid": "dfd0a2a2-2d23-4ca6-86bc-3476b8918a73",
          "title": "Login Page – SauceDemo",
          "fullFile": "",
          "file": "",
          "beforeHooks": [],
          "afterHooks": [],
          "tests": [
            {
              "title": "TC-001 | La página de login carga correctamente",
              "fullTitle": "Login Page – SauceDemo TC-001 | La página de login carga correctamente",
              "timedOut": null,
              "duration": 1293,
              "state": "passed",
              "speed": "fast",
              "pass": true,
              "fail": false,
              "pending": false,
              "context": null,
              "code": "cy.get(_LogIn.default.usernameInput).should('be.visible');\ncy.get(_LogIn.default.passwordInput).should('be.visible');\ncy.get(_LogIn.default.loginButton).should('be.visible').and('have.value', 'Login');",
              "err": {},
              "uuid": "5f094aa7-fb4e-414f-8ead-0884a23c3f78",
              "parentUUID": "dfd0a2a2-2d23-4ca6-86bc-3476b8918a73",
              "isHook": false,
              "skipped": false
            },
            {
              "title": "TC-002 | Login exitoso con usuario válido",
              "fullTitle": "Login Page – SauceDemo TC-002 | Login exitoso con usuario válido",
              "timedOut": null,
              "duration": 995,
              "state": "passed",
              "speed": "fast",
              "pass": true,
              "fail": false,
              "pending": false,
              "context": null,
              "code": "// Pre-login: campos visibles y botón habilitado\ncy.get(_LogIn.default.usernameInput).should('be.visible');\ncy.get(_LogIn.default.passwordInput).should('be.visible');\ncy.get(_LogIn.default.loginButton).should('be.visible').and('be.enabled');\n// Login\ncy.fixture('users').then(({\n  validUser\n}) => {\n  _LogIn.default.login(validUser.username, validUser.password);\n});\n// Post-login: URL, título Products, lista de productos, sin error\n_Inventory.default.assertLoaded();",
              "err": {},
              "uuid": "0d59bb4b-b5ff-4019-9957-54f9409eefe6",
              "parentUUID": "dfd0a2a2-2d23-4ca6-86bc-3476b8918a73",
              "isHook": false,
              "skipped": false
            },
            {
              "title": "TC-003 | Login fallido con contraseña incorrecta",
              "fullTitle": "Login Page – SauceDemo TC-003 | Login fallido con contraseña incorrecta",
              "timedOut": null,
              "duration": 1050,
              "state": "passed",
              "speed": "fast",
              "pass": true,
              "fail": false,
              "pending": false,
              "context": null,
              "code": "cy.fixture('users').then(({\n  validUser,\n  wrongPassword\n}) => {\n  _LogIn.default.login(validUser.username, wrongPassword.password);\n  // 1 + 2: contenedor de error visible con mensaje correcto\n  cy.get(_LogIn.default.errorMsg).should('be.visible').and('contain', 'Epic sadface: Username and password do not match any user in this service');\n  // 3: URL no avanzó al inventario\n  cy.url().should('not.include', '/inventory.html');\n  // 4: formulario de login sigue visible\n  cy.get(_LogIn.default.loginForm).should('be.visible');\n  // 5: listado de productos no existe\n  cy.get(_Inventory.default.inventoryList).should('not.exist');\n  // 6: campos muestran estado visual de error\n  cy.get(_LogIn.default.usernameInput).should('have.class', 'input_error');\n  cy.get(_LogIn.default.passwordInput).should('have.class', 'input_error');\n});",
              "err": {},
              "uuid": "3d1ee7b9-7146-4f60-bd12-234d24f99eaf",
              "parentUUID": "dfd0a2a2-2d23-4ca6-86bc-3476b8918a73",
              "isHook": false,
              "skipped": false
            },
            {
              "title": "TC-004 | Login fallido con usuario bloqueado",
              "fullTitle": "Login Page – SauceDemo TC-004 | Login fallido con usuario bloqueado",
              "timedOut": null,
              "duration": 956,
              "state": "passed",
              "speed": "fast",
              "pass": true,
              "fail": false,
              "pending": false,
              "context": null,
              "code": "cy.fixture('users').then(({\n  lockedUser\n}) => {\n  _LogIn.default.login(lockedUser.username, lockedUser.password);\n  cy.get(_LogIn.default.errorMsg).should('be.visible').and('contain', 'Epic sadface: Sorry, this user has been locked out.');\n});",
              "err": {},
              "uuid": "4d783ea8-7b65-4e05-b1e3-0ba18a0aba05",
              "parentUUID": "dfd0a2a2-2d23-4ca6-86bc-3476b8918a73",
              "isHook": false,
              "skipped": false
            },
            {
              "title": "TC-005 | Error al enviar formulario sin credenciales",
              "fullTitle": "Login Page – SauceDemo TC-005 | Error al enviar formulario sin credenciales",
              "timedOut": null,
              "duration": 183,
              "state": "passed",
              "speed": "fast",
              "pass": true,
              "fail": false,
              "pending": false,
              "context": null,
              "code": "_LogIn.default.clickLogin();\n_LogIn.default.assertErrorMessage('Epic sadface: Username is required');\ncy.url().should('not.include', '/inventory.html');\ncy.get(_LogIn.default.loginForm).should('be.visible');\ncy.get(_Inventory.default.inventoryList).should('not.exist');\ncy.get(_LogIn.default.usernameInput).should('have.class', 'input_error');",
              "err": {},
              "uuid": "a1bdf8b0-63ca-42ec-b278-b650eee8214a",
              "parentUUID": "dfd0a2a2-2d23-4ca6-86bc-3476b8918a73",
              "isHook": false,
              "skipped": false
            },
            {
              "title": "TC-006 | Error al enviar sin password",
              "fullTitle": "Login Page – SauceDemo TC-006 | Error al enviar sin password",
              "timedOut": null,
              "duration": 536,
              "state": "passed",
              "speed": "fast",
              "pass": true,
              "fail": false,
              "pending": false,
              "context": null,
              "code": "cy.fixture('users').then(({\n  validUser\n}) => {\n  _LogIn.default.fillUsername(validUser.username);\n  _LogIn.default.clickLogin();\n  _LogIn.default.assertErrorMessage('Epic sadface: Password is required');\n  cy.url().should('not.include', '/inventory.html');\n  cy.get(_LogIn.default.loginForm).should('be.visible');\n  cy.get(_Inventory.default.inventoryList).should('not.exist');\n  cy.get(_LogIn.default.passwordInput).should('have.class', 'input_error');\n});",
              "err": {},
              "uuid": "f21f3101-d5f3-4460-b48b-13c895873e39",
              "parentUUID": "dfd0a2a2-2d23-4ca6-86bc-3476b8918a73",
              "isHook": false,
              "skipped": false
            },
            {
              "title": "TC-011 | Error al enviar sin usuario con contraseña ingresada",
              "fullTitle": "Login Page – SauceDemo TC-011 | Error al enviar sin usuario con contraseña ingresada",
              "timedOut": null,
              "duration": 534,
              "state": "passed",
              "speed": "fast",
              "pass": true,
              "fail": false,
              "pending": false,
              "context": null,
              "code": "cy.fixture('users').then(({\n  validUser\n}) => {\n  _LogIn.default.fillPassword(validUser.password);\n  _LogIn.default.clickLogin();\n  _LogIn.default.assertErrorMessage('Epic sadface: Username is required');\n  cy.url().should('not.include', '/inventory.html');\n  cy.get(_LogIn.default.loginForm).should('be.visible');\n  cy.get(_Inventory.default.inventoryList).should('not.exist');\n  cy.get(_LogIn.default.usernameInput).should('have.class', 'input_error');\n});",
              "err": {},
              "uuid": "43fcfc9f-27cf-4d44-a1d3-e3f30cc13924",
              "parentUUID": "dfd0a2a2-2d23-4ca6-86bc-3476b8918a73",
              "isHook": false,
              "skipped": false
            },
            {
              "title": "TC-007 | Login fallido con usuario inexistente",
              "fullTitle": "Login Page – SauceDemo TC-007 | Login fallido con usuario inexistente",
              "timedOut": null,
              "duration": 918,
              "state": "passed",
              "speed": "fast",
              "pass": true,
              "fail": false,
              "pending": false,
              "context": null,
              "code": "cy.fixture('users').then(({\n  invalidUser\n}) => {\n  _LogIn.default.login(invalidUser.username, invalidUser.password);\n  cy.get(_LogIn.default.errorMsg).should('be.visible').and('contain', 'Epic sadface: Username and password do not match any user in this service');\n  cy.url().should('not.include', '/inventory.html');\n});",
              "err": {},
              "uuid": "94aeaee2-1c32-4390-8503-4c830377ffbf",
              "parentUUID": "dfd0a2a2-2d23-4ca6-86bc-3476b8918a73",
              "isHook": false,
              "skipped": false
            },
            {
              "title": "TC-008 | Login fallido con contraseña con espacios",
              "fullTitle": "Login Page – SauceDemo TC-008 | Login fallido con contraseña con espacios",
              "timedOut": null,
              "duration": 895,
              "state": "passed",
              "speed": "fast",
              "pass": true,
              "fail": false,
              "pending": false,
              "context": null,
              "code": "cy.fixture('users').then(({\n  passwordWithSpaces\n}) => {\n  _LogIn.default.login(passwordWithSpaces.username, passwordWithSpaces.password);\n  cy.get(_LogIn.default.errorMsg).should('be.visible').and('contain', 'Epic sadface: Username and password do not match any user in this service');\n  cy.url().should('not.include', '/inventory.html');\n});",
              "err": {},
              "uuid": "45b805a3-d78d-47e6-a803-9db80785829d",
              "parentUUID": "dfd0a2a2-2d23-4ca6-86bc-3476b8918a73",
              "isHook": false,
              "skipped": false
            },
            {
              "title": "TC-009 | Login fallido con contraseña en mayúsculas (case-sensitive)",
              "fullTitle": "Login Page – SauceDemo TC-009 | Login fallido con contraseña en mayúsculas (case-sensitive)",
              "timedOut": null,
              "duration": 878,
              "state": "passed",
              "speed": "fast",
              "pass": true,
              "fail": false,
              "pending": false,
              "context": null,
              "code": "cy.fixture('users').then(({\n  passwordUpperCase\n}) => {\n  _LogIn.default.login(passwordUpperCase.username, passwordUpperCase.password);\n  cy.get(_LogIn.default.errorMsg).should('be.visible').and('contain', 'Epic sadface: Username and password do not match any user in this service');\n  cy.url().should('not.include', '/inventory.html');\n});",
              "err": {},
              "uuid": "6a6a03c3-a5d4-4e2b-95e9-71d161d49c81",
              "parentUUID": "dfd0a2a2-2d23-4ca6-86bc-3476b8918a73",
              "isHook": false,
              "skipped": false
            },
            {
              "title": "TC-010 | Cerrar mensaje de error y volver a intentar con credenciales válidas",
              "fullTitle": "Login Page – SauceDemo TC-010 | Cerrar mensaje de error y volver a intentar con credenciales válidas",
              "timedOut": null,
              "duration": 1777,
              "state": "passed",
              "speed": "fast",
              "pass": true,
              "fail": false,
              "pending": false,
              "context": null,
              "code": "cy.fixture('users').then(({\n  validUser,\n  wrongPassword\n}) => {\n  // Primer intento: falla\n  _LogIn.default.login(validUser.username, wrongPassword.password);\n  cy.get(_LogIn.default.errorMsg).should('be.visible');\n  // Cerrar el error\n  _LogIn.default.dismissError();\n  cy.get(_LogIn.default.errorMsg).should('not.exist');\n  // Segundo intento: exitoso\n  _LogIn.default.login(validUser.username, validUser.password);\n  _Inventory.default.assertLoaded();\n});",
              "err": {},
              "uuid": "b0fd380b-66ba-4f04-90ae-5cb9afa355e1",
              "parentUUID": "dfd0a2a2-2d23-4ca6-86bc-3476b8918a73",
              "isHook": false,
              "skipped": false
            }
          ],
          "suites": [],
          "passes": [
            "5f094aa7-fb4e-414f-8ead-0884a23c3f78",
            "0d59bb4b-b5ff-4019-9957-54f9409eefe6",
            "3d1ee7b9-7146-4f60-bd12-234d24f99eaf",
            "4d783ea8-7b65-4e05-b1e3-0ba18a0aba05",
            "a1bdf8b0-63ca-42ec-b278-b650eee8214a",
            "f21f3101-d5f3-4460-b48b-13c895873e39",
            "43fcfc9f-27cf-4d44-a1d3-e3f30cc13924",
            "94aeaee2-1c32-4390-8503-4c830377ffbf",
            "45b805a3-d78d-47e6-a803-9db80785829d",
            "6a6a03c3-a5d4-4e2b-95e9-71d161d49c81",
            "b0fd380b-66ba-4f04-90ae-5cb9afa355e1"
          ],
          "failures": [],
          "pending": [],
          "skipped": [],
          "duration": 10015,
          "root": false,
          "rootEmpty": false,
          "_timeout": 2000
        }
      ],
      "passes": [],
      "failures": [],
      "pending": [],
      "skipped": [],
      "duration": 0,
      "root": true,
      "rootEmpty": true,
      "_timeout": 2000
    }
  ],
  "meta": {
    "mocha": {
      "version": "7.2.0"
    },
    "mochawesome": {
      "options": {
        "quiet": false,
        "reportFilename": "mochawesome",
        "saveHtml": false,
        "saveJson": true,
        "consoleReporter": "spec",
        "useInlineDiffs": false,
        "code": true
      },
      "version": "7.1.4"
    },
    "marge": {
      "options": {
        "reportDir": "mochawesome-report",
        "overwrite": false,
        "html": false,
        "json": true
      },
      "version": "6.3.2"
    }
  }
}