{
  "stats": {
    "suites": 1,
    "tests": 11,
    "passes": 11,
    "pending": 0,
    "failures": 0,
    "start": "2026-06-22T22:51:48.279Z",
    "end": "2026-06-22T22:52:00.288Z",
    "duration": 12009,
    "testsRegistered": 11,
    "passPercent": 100,
    "pendingPercent": 0,
    "other": 0,
    "hasOther": false,
    "skipped": 0,
    "hasSkipped": false
  },
  "results": [
    {
      "uuid": "e7f01746-9d06-4df4-b8aa-4deafa08ba32",
      "title": "",
      "fullFile": "cypress\\e2e\\login\\logIn.cy.js",
      "file": "cypress\\e2e\\login\\logIn.cy.js",
      "beforeHooks": [],
      "afterHooks": [],
      "tests": [],
      "suites": [
        {
          "uuid": "715b7859-3a47-41fc-8d09-7977eaa8cfcd",
          "title": "Login Page – SauceDemo",
          "fullFile": "",
          "file": "",
          "beforeHooks": [],
          "afterHooks": [],
          "tests": [
            {
              "title": "TC-001 | La página de login carga correctamente",
              "fullTitle": "Login Page – SauceDemo TC-001 | La página de login carga correctamente",
              "timedOut": null,
              "duration": 1400,
              "state": "passed",
              "speed": "fast",
              "pass": true,
              "fail": false,
              "pending": false,
              "context": null,
              "code": "cy.get(_LogIn.default.usernameInput).should('be.visible');\ncy.get(_LogIn.default.passwordInput).should('be.visible');\ncy.get(_LogIn.default.loginButton).should('be.visible').and('have.value', 'Login');",
              "err": {},
              "uuid": "b843021f-41a7-4c92-b4fd-65b921ec88bc",
              "parentUUID": "715b7859-3a47-41fc-8d09-7977eaa8cfcd",
              "isHook": false,
              "skipped": false
            },
            {
              "title": "TC-002 | Login exitoso con usuario válido",
              "fullTitle": "Login Page – SauceDemo TC-002 | Login exitoso con usuario válido",
              "timedOut": null,
              "duration": 1022,
              "state": "passed",
              "speed": "fast",
              "pass": true,
              "fail": false,
              "pending": false,
              "context": null,
              "code": "// Pre-login: campos visibles y botón habilitado\ncy.get(_LogIn.default.usernameInput).should('be.visible');\ncy.get(_LogIn.default.passwordInput).should('be.visible');\ncy.get(_LogIn.default.loginButton).should('be.visible').and('be.enabled');\n// Login\ncy.fixture('users').then(({\n  validUser\n}) => {\n  _LogIn.default.login(validUser.username, validUser.password);\n});\n// Post-login: URL, título Products, lista de productos, sin error\n_Inventory.default.assertLoaded();",
              "err": {},
              "uuid": "5d93ab74-7470-431c-96e7-289d94b7d214",
              "parentUUID": "715b7859-3a47-41fc-8d09-7977eaa8cfcd",
              "isHook": false,
              "skipped": false
            },
            {
              "title": "TC-003 | Login fallido con contraseña incorrecta",
              "fullTitle": "Login Page – SauceDemo TC-003 | Login fallido con contraseña incorrecta",
              "timedOut": null,
              "duration": 1124,
              "state": "passed",
              "speed": "fast",
              "pass": true,
              "fail": false,
              "pending": false,
              "context": null,
              "code": "cy.fixture('users').then(({\n  validUser,\n  wrongPassword\n}) => {\n  _LogIn.default.login(validUser.username, wrongPassword.password);\n  // 1 + 2: contenedor de error visible con mensaje correcto\n  cy.get(_LogIn.default.errorMsg).should('be.visible').and('contain', 'Epic sadface: Username and password do not match any user in this service');\n  // 3: URL no avanzó al inventario\n  cy.url().should('not.include', '/inventory.html');\n  // 4: formulario de login sigue visible\n  cy.get(_LogIn.default.loginForm).should('be.visible');\n  // 5: listado de productos no existe\n  cy.get(_Inventory.default.inventoryList).should('not.exist');\n  // 6: campos muestran estado visual de error\n  cy.get(_LogIn.default.usernameInput).should('have.class', 'input_error');\n  cy.get(_LogIn.default.passwordInput).should('have.class', 'input_error');\n});",
              "err": {},
              "uuid": "d41eb481-864c-4aa4-989a-cbeebe883212",
              "parentUUID": "715b7859-3a47-41fc-8d09-7977eaa8cfcd",
              "isHook": false,
              "skipped": false
            },
            {
              "title": "TC-004 | Login fallido con usuario bloqueado",
              "fullTitle": "Login Page – SauceDemo TC-004 | Login fallido con usuario bloqueado",
              "timedOut": null,
              "duration": 905,
              "state": "passed",
              "speed": "fast",
              "pass": true,
              "fail": false,
              "pending": false,
              "context": null,
              "code": "cy.fixture('users').then(({\n  lockedUser\n}) => {\n  _LogIn.default.login(lockedUser.username, lockedUser.password);\n  cy.get(_LogIn.default.errorMsg).should('be.visible').and('contain', 'Epic sadface: Sorry, this user has been locked out.');\n});",
              "err": {},
              "uuid": "107cbc03-a3fa-4e0b-be36-16f69de4f5c2",
              "parentUUID": "715b7859-3a47-41fc-8d09-7977eaa8cfcd",
              "isHook": false,
              "skipped": false
            },
            {
              "title": "TC-005 | Error al enviar formulario sin credenciales",
              "fullTitle": "Login Page – SauceDemo TC-005 | Error al enviar formulario sin credenciales",
              "timedOut": null,
              "duration": 196,
              "state": "passed",
              "speed": "fast",
              "pass": true,
              "fail": false,
              "pending": false,
              "context": null,
              "code": "_LogIn.default.clickLogin();\n_LogIn.default.assertErrorMessage('Epic sadface: Username is required');\ncy.url().should('not.include', '/inventory.html');\ncy.get(_LogIn.default.loginForm).should('be.visible');\ncy.get(_Inventory.default.inventoryList).should('not.exist');\ncy.get(_LogIn.default.usernameInput).should('have.class', 'input_error');",
              "err": {},
              "uuid": "83db0c92-60b9-44c6-b985-07574d381cc0",
              "parentUUID": "715b7859-3a47-41fc-8d09-7977eaa8cfcd",
              "isHook": false,
              "skipped": false
            },
            {
              "title": "TC-006 | Error al enviar sin password",
              "fullTitle": "Login Page – SauceDemo TC-006 | Error al enviar sin password",
              "timedOut": null,
              "duration": 536,
              "state": "passed",
              "speed": "fast",
              "pass": true,
              "fail": false,
              "pending": false,
              "context": null,
              "code": "cy.fixture('users').then(({\n  validUser\n}) => {\n  _LogIn.default.fillUsername(validUser.username);\n  _LogIn.default.clickLogin();\n  _LogIn.default.assertErrorMessage('Epic sadface: Password is required');\n  cy.url().should('not.include', '/inventory.html');\n  cy.get(_LogIn.default.loginForm).should('be.visible');\n  cy.get(_Inventory.default.inventoryList).should('not.exist');\n  cy.get(_LogIn.default.passwordInput).should('have.class', 'input_error');\n});",
              "err": {},
              "uuid": "544c062a-e746-4383-a382-81a80d6ec260",
              "parentUUID": "715b7859-3a47-41fc-8d09-7977eaa8cfcd",
              "isHook": false,
              "skipped": false
            },
            {
              "title": "TC-011 | Error al enviar sin usuario con contraseña ingresada",
              "fullTitle": "Login Page – SauceDemo TC-011 | Error al enviar sin usuario con contraseña ingresada",
              "timedOut": null,
              "duration": 572,
              "state": "passed",
              "speed": "fast",
              "pass": true,
              "fail": false,
              "pending": false,
              "context": null,
              "code": "cy.fixture('users').then(({\n  validUser\n}) => {\n  _LogIn.default.fillPassword(validUser.password);\n  _LogIn.default.clickLogin();\n  _LogIn.default.assertErrorMessage('Epic sadface: Username is required');\n  cy.url().should('not.include', '/inventory.html');\n  cy.get(_LogIn.default.loginForm).should('be.visible');\n  cy.get(_Inventory.default.inventoryList).should('not.exist');\n  cy.get(_LogIn.default.usernameInput).should('have.class', 'input_error');\n});",
              "err": {},
              "uuid": "84e5c0f0-006c-47b2-9271-44d2e5243825",
              "parentUUID": "715b7859-3a47-41fc-8d09-7977eaa8cfcd",
              "isHook": false,
              "skipped": false
            },
            {
              "title": "TC-007 | Login fallido con usuario inexistente",
              "fullTitle": "Login Page – SauceDemo TC-007 | Login fallido con usuario inexistente",
              "timedOut": null,
              "duration": 936,
              "state": "passed",
              "speed": "fast",
              "pass": true,
              "fail": false,
              "pending": false,
              "context": null,
              "code": "cy.fixture('users').then(({\n  invalidUser\n}) => {\n  _LogIn.default.login(invalidUser.username, invalidUser.password);\n  cy.get(_LogIn.default.errorMsg).should('be.visible').and('contain', 'Epic sadface: Username and password do not match any user in this service');\n  cy.url().should('not.include', '/inventory.html');\n});",
              "err": {},
              "uuid": "8e0973d0-2048-4b1f-9ea1-4539daecbcae",
              "parentUUID": "715b7859-3a47-41fc-8d09-7977eaa8cfcd",
              "isHook": false,
              "skipped": false
            },
            {
              "title": "TC-008 | Login fallido con contraseña con espacios",
              "fullTitle": "Login Page – SauceDemo TC-008 | Login fallido con contraseña con espacios",
              "timedOut": null,
              "duration": 874,
              "state": "passed",
              "speed": "fast",
              "pass": true,
              "fail": false,
              "pending": false,
              "context": null,
              "code": "cy.fixture('users').then(({\n  passwordWithSpaces\n}) => {\n  _LogIn.default.login(passwordWithSpaces.username, passwordWithSpaces.password);\n  cy.get(_LogIn.default.errorMsg).should('be.visible').and('contain', 'Epic sadface: Username and password do not match any user in this service');\n  cy.url().should('not.include', '/inventory.html');\n});",
              "err": {},
              "uuid": "8462c27b-3037-4364-8cb9-fd2210e0d76d",
              "parentUUID": "715b7859-3a47-41fc-8d09-7977eaa8cfcd",
              "isHook": false,
              "skipped": false
            },
            {
              "title": "TC-009 | Login fallido con contraseña en mayúsculas (case-sensitive)",
              "fullTitle": "Login Page – SauceDemo TC-009 | Login fallido con contraseña en mayúsculas (case-sensitive)",
              "timedOut": null,
              "duration": 887,
              "state": "passed",
              "speed": "fast",
              "pass": true,
              "fail": false,
              "pending": false,
              "context": null,
              "code": "cy.fixture('users').then(({\n  passwordUpperCase\n}) => {\n  _LogIn.default.login(passwordUpperCase.username, passwordUpperCase.password);\n  cy.get(_LogIn.default.errorMsg).should('be.visible').and('contain', 'Epic sadface: Username and password do not match any user in this service');\n  cy.url().should('not.include', '/inventory.html');\n});",
              "err": {},
              "uuid": "fb4933be-4b7c-423f-8f6c-bd0a0a9f292e",
              "parentUUID": "715b7859-3a47-41fc-8d09-7977eaa8cfcd",
              "isHook": false,
              "skipped": false
            },
            {
              "title": "TC-010 | Cerrar mensaje de error y volver a intentar con credenciales válidas",
              "fullTitle": "Login Page – SauceDemo TC-010 | Cerrar mensaje de error y volver a intentar con credenciales válidas",
              "timedOut": null,
              "duration": 1889,
              "state": "passed",
              "speed": "fast",
              "pass": true,
              "fail": false,
              "pending": false,
              "context": null,
              "code": "cy.fixture('users').then(({\n  validUser,\n  wrongPassword\n}) => {\n  // Primer intento: falla\n  _LogIn.default.login(validUser.username, wrongPassword.password);\n  cy.get(_LogIn.default.errorMsg).should('be.visible');\n  // Cerrar el error\n  _LogIn.default.dismissError();\n  cy.get(_LogIn.default.errorMsg).should('not.exist');\n  // Segundo intento: exitoso\n  _LogIn.default.login(validUser.username, validUser.password);\n  _Inventory.default.assertLoaded();\n});",
              "err": {},
              "uuid": "b1561ba4-032a-46b5-86c0-0ed5b7927bf4",
              "parentUUID": "715b7859-3a47-41fc-8d09-7977eaa8cfcd",
              "isHook": false,
              "skipped": false
            }
          ],
          "suites": [],
          "passes": [
            "b843021f-41a7-4c92-b4fd-65b921ec88bc",
            "5d93ab74-7470-431c-96e7-289d94b7d214",
            "d41eb481-864c-4aa4-989a-cbeebe883212",
            "107cbc03-a3fa-4e0b-be36-16f69de4f5c2",
            "83db0c92-60b9-44c6-b985-07574d381cc0",
            "544c062a-e746-4383-a382-81a80d6ec260",
            "84e5c0f0-006c-47b2-9271-44d2e5243825",
            "8e0973d0-2048-4b1f-9ea1-4539daecbcae",
            "8462c27b-3037-4364-8cb9-fd2210e0d76d",
            "fb4933be-4b7c-423f-8f6c-bd0a0a9f292e",
            "b1561ba4-032a-46b5-86c0-0ed5b7927bf4"
          ],
          "failures": [],
          "pending": [],
          "skipped": [],
          "duration": 10341,
          "root": false,
          "rootEmpty": false,
          "_timeout": 2000
        }
      ],
      "passes": [],
      "failures": [],
      "pending": [],
      "skipped": [],
      "duration": 0,
      "root": true,
      "rootEmpty": true,
      "_timeout": 2000
    }
  ],
  "meta": {
    "mocha": {
      "version": "7.2.0"
    },
    "mochawesome": {
      "options": {
        "quiet": false,
        "reportFilename": "mochawesome",
        "saveHtml": false,
        "saveJson": true,
        "consoleReporter": "spec",
        "useInlineDiffs": false,
        "code": true
      },
      "version": "7.1.4"
    },
    "marge": {
      "options": {
        "reportDir": "mochawesome-report",
        "overwrite": false,
        "html": false,
        "json": true
      },
      "version": "6.3.2"
    }
  }
}