{
  "stats": {
    "suites": 1,
    "tests": 1,
    "passes": 1,
    "pending": 0,
    "failures": 0,
    "start": "2026-06-22T22:52:11.991Z",
    "end": "2026-06-22T22:52:12.391Z",
    "duration": 400,
    "testsRegistered": 1,
    "passPercent": 100,
    "pendingPercent": 0,
    "other": 0,
    "hasOther": false,
    "skipped": 0,
    "hasSkipped": false
  },
  "results": [
    {
      "uuid": "9c2927af-a969-4213-90bd-51f92e11882c",
      "title": "",
      "fullFile": "api\\automated-tests\\PUT.cy.js",
      "file": "api\\automated-tests\\PUT.cy.js",
      "beforeHooks": [],
      "afterHooks": [],
      "tests": [],
      "suites": [
        {
          "uuid": "d74828cc-8a4d-4f3a-a46b-d0b7de42c401",
          "title": "PUT /users – Actualización completa",
          "fullFile": "",
          "file": "",
          "beforeHooks": [],
          "afterHooks": [],
          "tests": [
            {
              "title": "TC-API-013 | PUT /users/2 → 200 + cuerpo actualizado + updatedAt",
              "fullTitle": "PUT /users – Actualización completa TC-API-013 | PUT /users/2 → 200 + cuerpo actualizado + updatedAt",
              "timedOut": null,
              "duration": 377,
              "state": "passed",
              "speed": "fast",
              "pass": true,
              "fail": false,
              "pending": false,
              "context": null,
              "code": "cy.fixture('api-data').then(({\n  updatedUser\n}) => {\n  cy.request({\n    method: 'PUT',\n    url: `${BASE}/users/2`,\n    headers,\n    body: updatedUser\n  }).then(res => {\n    expect(res.status).to.eq(200);\n    expect(res.body.name).to.eq(updatedUser.name);\n    expect(res.body.job).to.eq(updatedUser.job);\n    expect(res.body.updatedAt).to.exist;\n  });\n});",
              "err": {},
              "uuid": "05b78857-5086-4d88-807a-cec32b34e8a6",
              "parentUUID": "d74828cc-8a4d-4f3a-a46b-d0b7de42c401",
              "isHook": false,
              "skipped": false
            }
          ],
          "suites": [],
          "passes": [
            "05b78857-5086-4d88-807a-cec32b34e8a6"
          ],
          "failures": [],
          "pending": [],
          "skipped": [],
          "duration": 377,
          "root": false,
          "rootEmpty": false,
          "_timeout": 2000
        }
      ],
      "passes": [],
      "failures": [],
      "pending": [],
      "skipped": [],
      "duration": 0,
      "root": true,
      "rootEmpty": true,
      "_timeout": 2000
    }
  ],
  "meta": {
    "mocha": {
      "version": "7.2.0"
    },
    "mochawesome": {
      "options": {
        "quiet": false,
        "reportFilename": "mochawesome",
        "saveHtml": false,
        "saveJson": true,
        "consoleReporter": "spec",
        "useInlineDiffs": false,
        "code": true
      },
      "version": "7.1.4"
    },
    "marge": {
      "options": {
        "reportDir": "mochawesome-report",
        "overwrite": false,
        "html": false,
        "json": true
      },
      "version": "6.3.2"
    }
  }
}