{
  "stats": {
    "suites": 1,
    "tests": 8,
    "passes": 8,
    "pending": 0,
    "failures": 0,
    "start": "2026-06-22T22:52:08.252Z",
    "end": "2026-06-22T22:52:10.913Z",
    "duration": 2661,
    "testsRegistered": 8,
    "passPercent": 100,
    "pendingPercent": 0,
    "other": 0,
    "hasOther": false,
    "skipped": 0,
    "hasSkipped": false
  },
  "results": [
    {
      "uuid": "e2cd1bb5-295a-4ec2-a41c-bb86989d43e5",
      "title": "",
      "fullFile": "api\\automated-tests\\POST.cy.js",
      "file": "api\\automated-tests\\POST.cy.js",
      "beforeHooks": [],
      "afterHooks": [],
      "tests": [],
      "suites": [
        {
          "uuid": "0bdb17c3-47a4-481e-a9b0-75f953475a20",
          "title": "POST /users – Crear usuario",
          "fullFile": "",
          "file": "",
          "beforeHooks": [],
          "afterHooks": [],
          "tests": [
            {
              "title": "TC-API-001 | POST exitoso → 201, body y Content-Type válidos",
              "fullTitle": "POST /users – Crear usuario TC-API-001 | POST exitoso → 201, body y Content-Type válidos",
              "timedOut": null,
              "duration": 296,
              "state": "passed",
              "speed": "fast",
              "pass": true,
              "fail": false,
              "pending": false,
              "context": null,
              "code": "cy.fixture('api-data').then(({\n  newUser\n}) => {\n  cy.request({\n    method: 'POST',\n    url: `${BASE}/users`,\n    headers,\n    body: newUser\n  }).then(res => {\n    expect(res.status).to.eq(201);\n    expect(res.body.name).to.eq(newUser.name);\n    expect(res.body.job).to.eq(newUser.job);\n    expect(res.body.id).to.exist;\n    expect(res.body.id).to.not.be.empty;\n    expect(res.body.createdAt).to.exist;\n    expect(res.headers['content-type']).to.include('application/json');\n  });\n});",
              "err": {},
              "uuid": "634f779b-0c4c-4488-a3ed-af560cc25f7d",
              "parentUUID": "0bdb17c3-47a4-481e-a9b0-75f953475a20",
              "isHook": false,
              "skipped": false
            },
            {
              "title": "TC-API-002 | POST → extraer id → GET /users/{id} (flujo encadenado)",
              "fullTitle": "POST /users – Crear usuario TC-API-002 | POST → extraer id → GET /users/{id} (flujo encadenado)",
              "timedOut": null,
              "duration": 716,
              "state": "passed",
              "speed": "fast",
              "pass": true,
              "fail": false,
              "pending": false,
              "context": null,
              "code": "cy.fixture('api-data').then(({\n  newUser\n}) => {\n  cy.request({\n    method: 'POST',\n    url: `${BASE}/users`,\n    headers,\n    body: newUser\n  }).then(postRes => {\n    expect(postRes.status).to.eq(201);\n    const userId = postRes.body.id;\n    expect(userId).to.exist;\n    // ReqRes no persiste usuarios creados: GET con el id del POST retorna 404\n    // porque el dataset mock solo incluye los IDs del 1 al 12.\n    cy.request({\n      method: 'GET',\n      url: `${BASE}/users/${userId}`,\n      headers,\n      failOnStatusCode: false\n    }).then(getRes => {\n      expect(getRes.status).to.be.oneOf([200, 404]);\n    });\n  });\n});",
              "err": {},
              "uuid": "68d07ab9-def6-4b4c-af0f-f1725a6714b5",
              "parentUUID": "0bdb17c3-47a4-481e-a9b0-75f953475a20",
              "isHook": false,
              "skipped": false
            },
            {
              "title": "TC-API-003 | createdAt tiene formato ISO 8601",
              "fullTitle": "POST /users – Crear usuario TC-API-003 | createdAt tiene formato ISO 8601",
              "timedOut": null,
              "duration": 257,
              "state": "passed",
              "speed": "fast",
              "pass": true,
              "fail": false,
              "pending": false,
              "context": null,
              "code": "cy.fixture('api-data').then(({\n  newUser\n}) => {\n  cy.request({\n    method: 'POST',\n    url: `${BASE}/users`,\n    headers,\n    body: newUser\n  }).then(res => {\n    const iso8601 = /^\\d{4}-\\d{2}-\\d{2}T\\d{2}:\\d{2}:\\d{2}\\.\\d+Z$/;\n    expect(res.body.createdAt).to.match(iso8601);\n  });\n});",
              "err": {},
              "uuid": "fab122aa-abbe-4dd9-9e61-ff628885e9bb",
              "parentUUID": "0bdb17c3-47a4-481e-a9b0-75f953475a20",
              "isHook": false,
              "skipped": false
            },
            {
              "title": "TC-API-004 | Tiempo de respuesta inferior a 3000ms",
              "fullTitle": "POST /users – Crear usuario TC-API-004 | Tiempo de respuesta inferior a 3000ms",
              "timedOut": null,
              "duration": 268,
              "state": "passed",
              "speed": "fast",
              "pass": true,
              "fail": false,
              "pending": false,
              "context": null,
              "code": "cy.fixture('api-data').then(({\n  newUser\n}) => {\n  cy.request({\n    method: 'POST',\n    url: `${BASE}/users`,\n    headers,\n    body: newUser\n  }).then(res => {\n    expect(res.duration).to.be.lessThan(3000);\n  });\n});",
              "err": {},
              "uuid": "2f17f12d-dcec-4bd5-af35-ffb0c46b5612",
              "parentUUID": "0bdb17c3-47a4-481e-a9b0-75f953475a20",
              "isHook": false,
              "skipped": false
            },
            {
              "title": "TC-API-005 | POST sin campo \"name\" → 201 (mock acepta body parcial)",
              "fullTitle": "POST /users – Crear usuario TC-API-005 | POST sin campo \"name\" → 201 (mock acepta body parcial)",
              "timedOut": null,
              "duration": 260,
              "state": "passed",
              "speed": "fast",
              "pass": true,
              "fail": false,
              "pending": false,
              "context": null,
              "code": "cy.request({\n  method: 'POST',\n  url: `${BASE}/users`,\n  headers,\n  body: {\n    job: 'Automation Engineer'\n  }\n}).then(res => {\n  // ReqRes no valida campos requeridos — comportamiento documentado\n  expect(res.status).to.eq(201);\n  expect(res.body.id).to.exist;\n});",
              "err": {},
              "uuid": "662b5522-9e47-4abe-81d6-6e9e8cc95135",
              "parentUUID": "0bdb17c3-47a4-481e-a9b0-75f953475a20",
              "isHook": false,
              "skipped": false
            },
            {
              "title": "TC-API-006 | POST sin campo \"job\" → 201 (mock acepta body parcial)",
              "fullTitle": "POST /users – Crear usuario TC-API-006 | POST sin campo \"job\" → 201 (mock acepta body parcial)",
              "timedOut": null,
              "duration": 257,
              "state": "passed",
              "speed": "fast",
              "pass": true,
              "fail": false,
              "pending": false,
              "context": null,
              "code": "cy.request({\n  method: 'POST',\n  url: `${BASE}/users`,\n  headers,\n  body: {\n    name: 'Test User'\n  }\n}).then(res => {\n  expect(res.status).to.eq(201);\n  expect(res.body.id).to.exist;\n});",
              "err": {},
              "uuid": "d197ada6-c817-4389-a18f-2f0f60e94d10",
              "parentUUID": "0bdb17c3-47a4-481e-a9b0-75f953475a20",
              "isHook": false,
              "skipped": false
            },
            {
              "title": "TC-API-007 | POST con body vacío → 201 (mock no valida presencia de campos)",
              "fullTitle": "POST /users – Crear usuario TC-API-007 | POST con body vacío → 201 (mock no valida presencia de campos)",
              "timedOut": null,
              "duration": 261,
              "state": "passed",
              "speed": "fast",
              "pass": true,
              "fail": false,
              "pending": false,
              "context": null,
              "code": "cy.request({\n  method: 'POST',\n  url: `${BASE}/users`,\n  headers,\n  body: {}\n}).then(res => {\n  expect(res.status).to.eq(201);\n  expect(res.body.createdAt).to.exist;\n});",
              "err": {},
              "uuid": "d6f88b5b-cb40-444a-9bd1-6c2c94ce962c",
              "parentUUID": "0bdb17c3-47a4-481e-a9b0-75f953475a20",
              "isHook": false,
              "skipped": false
            },
            {
              "title": "TC-API-008 | POST con tipos incorrectos → 201 (mock no valida tipos de datos)",
              "fullTitle": "POST /users – Crear usuario TC-API-008 | POST con tipos incorrectos → 201 (mock no valida tipos de datos)",
              "timedOut": null,
              "duration": 256,
              "state": "passed",
              "speed": "fast",
              "pass": true,
              "fail": false,
              "pending": false,
              "context": null,
              "code": "cy.request({\n  method: 'POST',\n  url: `${BASE}/users`,\n  headers,\n  body: {\n    name: 99999,\n    job: true\n  }\n}).then(res => {\n  expect(res.status).to.eq(201);\n});",
              "err": {},
              "uuid": "e28d163b-0a39-4216-a42b-f673617ad640",
              "parentUUID": "0bdb17c3-47a4-481e-a9b0-75f953475a20",
              "isHook": false,
              "skipped": false
            }
          ],
          "suites": [],
          "passes": [
            "634f779b-0c4c-4488-a3ed-af560cc25f7d",
            "68d07ab9-def6-4b4c-af0f-f1725a6714b5",
            "fab122aa-abbe-4dd9-9e61-ff628885e9bb",
            "2f17f12d-dcec-4bd5-af35-ffb0c46b5612",
            "662b5522-9e47-4abe-81d6-6e9e8cc95135",
            "d197ada6-c817-4389-a18f-2f0f60e94d10",
            "d6f88b5b-cb40-444a-9bd1-6c2c94ce962c",
            "e28d163b-0a39-4216-a42b-f673617ad640"
          ],
          "failures": [],
          "pending": [],
          "skipped": [],
          "duration": 2571,
          "root": false,
          "rootEmpty": false,
          "_timeout": 2000
        }
      ],
      "passes": [],
      "failures": [],
      "pending": [],
      "skipped": [],
      "duration": 0,
      "root": true,
      "rootEmpty": true,
      "_timeout": 2000
    }
  ],
  "meta": {
    "mocha": {
      "version": "7.2.0"
    },
    "mochawesome": {
      "options": {
        "quiet": false,
        "reportFilename": "mochawesome",
        "saveHtml": false,
        "saveJson": true,
        "consoleReporter": "spec",
        "useInlineDiffs": false,
        "code": true
      },
      "version": "7.1.4"
    },
    "marge": {
      "options": {
        "reportDir": "mochawesome-report",
        "overwrite": false,
        "html": false,
        "json": true
      },
      "version": "6.3.2"
    }
  }
}