{
  "stats": {
    "suites": 1,
    "tests": 1,
    "passes": 1,
    "pending": 0,
    "failures": 0,
    "start": "2026-06-22T22:52:06.319Z",
    "end": "2026-06-22T22:52:06.662Z",
    "duration": 343,
    "testsRegistered": 1,
    "passPercent": 100,
    "pendingPercent": 0,
    "other": 0,
    "hasOther": false,
    "skipped": 0,
    "hasSkipped": false
  },
  "results": [
    {
      "uuid": "a2db27c6-4bc0-45e6-8160-7f47f05abe5e",
      "title": "",
      "fullFile": "api\\automated-tests\\PATCH.cy.js",
      "file": "api\\automated-tests\\PATCH.cy.js",
      "beforeHooks": [],
      "afterHooks": [],
      "tests": [],
      "suites": [
        {
          "uuid": "11dc97e9-fd78-4d21-93bb-5e0a54273326",
          "title": "PATCH /users – Actualización parcial",
          "fullFile": "",
          "file": "",
          "beforeHooks": [],
          "afterHooks": [],
          "tests": [
            {
              "title": "TC-API-014 | PATCH /users/2 → 200 + campo parcial actualizado",
              "fullTitle": "PATCH /users – Actualización parcial TC-API-014 | PATCH /users/2 → 200 + campo parcial actualizado",
              "timedOut": null,
              "duration": 320,
              "state": "passed",
              "speed": "fast",
              "pass": true,
              "fail": false,
              "pending": false,
              "context": null,
              "code": "cy.fixture('api-data').then(({\n  patchUser\n}) => {\n  cy.request({\n    method: 'PATCH',\n    url: `${BASE}/users/2`,\n    headers,\n    body: patchUser\n  }).then(res => {\n    expect(res.status).to.eq(200);\n    expect(res.body.job).to.eq(patchUser.job);\n    expect(res.body.updatedAt).to.exist;\n  });\n});",
              "err": {},
              "uuid": "f83272f7-89a4-4e2e-9eb2-1215c25e246c",
              "parentUUID": "11dc97e9-fd78-4d21-93bb-5e0a54273326",
              "isHook": false,
              "skipped": false
            }
          ],
          "suites": [],
          "passes": [
            "f83272f7-89a4-4e2e-9eb2-1215c25e246c"
          ],
          "failures": [],
          "pending": [],
          "skipped": [],
          "duration": 320,
          "root": false,
          "rootEmpty": false,
          "_timeout": 2000
        }
      ],
      "passes": [],
      "failures": [],
      "pending": [],
      "skipped": [],
      "duration": 0,
      "root": true,
      "rootEmpty": true,
      "_timeout": 2000
    }
  ],
  "meta": {
    "mocha": {
      "version": "7.2.0"
    },
    "mochawesome": {
      "options": {
        "quiet": false,
        "reportFilename": "mochawesome",
        "saveHtml": false,
        "saveJson": true,
        "consoleReporter": "spec",
        "useInlineDiffs": false,
        "code": true
      },
      "version": "7.1.4"
    },
    "marge": {
      "options": {
        "reportDir": "mochawesome-report",
        "overwrite": false,
        "html": false,
        "json": true
      },
      "version": "6.3.2"
    }
  }
}